<?xml version="1.0" encoding="UTF-8"?>
<testsuite xmlns:xsi="http://www.w3.org/2001/XMLSchema-instance" xsi:noNamespaceSchemaLocation="https://maven.apache.org/surefire/maven-surefire-plugin/xsd/surefire-test-report.xsd" name="TestSuite" time="12.588" tests="3" errors="0" skipped="0" failures="1">
  <properties>
    <property name="gopherProxySet" value="false"/>
    <property name="awt.toolkit" value="sun.lwawt.macosx.LWCToolkit"/>
    <property name="java.specification.version" value="11"/>
    <property name="sun.cpu.isalist" value=""/>
    <property name="sun.jnu.encoding" value="UTF-8"/>
    <property name="java.class.path" value="/Users/sachinroy/eclipse-workspace/MyStoreProject_AllureReport/target/test-classes:/Users/sachinroy/eclipse-workspace/MyStoreProject_AllureReport/target/classes:/Users/sachinroy/.m2/repository/org/seleniumhq/selenium/selenium-java/3.141.59/selenium-java-3.141.59.jar:/Users/sachinroy/.m2/repository/org/seleniumhq/selenium/selenium-api/3.141.59/selenium-api-3.141.59.jar:/Users/sachinroy/.m2/repository/org/seleniumhq/selenium/selenium-chrome-driver/3.141.59/selenium-chrome-driver-3.141.59.jar:/Users/sachinroy/.m2/repository/org/seleniumhq/selenium/selenium-edge-driver/3.141.59/selenium-edge-driver-3.141.59.jar:/Users/sachinroy/.m2/repository/org/seleniumhq/selenium/selenium-firefox-driver/3.141.59/selenium-firefox-driver-3.141.59.jar:/Users/sachinroy/.m2/repository/org/seleniumhq/selenium/selenium-ie-driver/3.141.59/selenium-ie-driver-3.141.59.jar:/Users/sachinroy/.m2/repository/org/seleniumhq/selenium/selenium-opera-driver/3.141.59/selenium-opera-driver-3.141.59.jar:/Users/sachinroy/.m2/repository/org/seleniumhq/selenium/selenium-remote-driver/3.141.59/selenium-remote-driver-3.141.59.jar:/Users/sachinroy/.m2/repository/org/seleniumhq/selenium/selenium-safari-driver/3.141.59/selenium-safari-driver-3.141.59.jar:/Users/sachinroy/.m2/repository/org/seleniumhq/selenium/selenium-support/3.141.59/selenium-support-3.141.59.jar:/Users/sachinroy/.m2/repository/net/bytebuddy/byte-buddy/1.8.15/byte-buddy-1.8.15.jar:/Users/sachinroy/.m2/repository/org/apache/commons/commons-exec/1.3/commons-exec-1.3.jar:/Users/sachinroy/.m2/repository/com/google/guava/guava/25.0-jre/guava-25.0-jre.jar:/Users/sachinroy/.m2/repository/com/google/code/findbugs/jsr305/1.3.9/jsr305-1.3.9.jar:/Users/sachinroy/.m2/repository/org/checkerframework/checker-compat-qual/2.0.0/checker-compat-qual-2.0.0.jar:/Users/sachinroy/.m2/repository/com/google/errorprone/error_prone_annotations/2.1.3/error_prone_annotations-2.1.3.jar:/Users/sachinroy/.m2/repository/com/google/j2objc/j2objc-annotations/1.1/j2objc-annotations-1.1.jar:/Users/sachinroy/.m2/repository/org/codehaus/mojo/animal-sniffer-annotations/1.14/animal-sniffer-annotations-1.14.jar:/Users/sachinroy/.m2/repository/com/squareup/okhttp3/okhttp/3.11.0/okhttp-3.11.0.jar:/Users/sachinroy/.m2/repository/com/squareup/okio/okio/1.14.0/okio-1.14.0.jar:/Users/sachinroy/.m2/repository/org/testng/testng/7.4.0/testng-7.4.0.jar:/Users/sachinroy/.m2/repository/com/beust/jcommander/1.78/jcommander-1.78.jar:/Users/sachinroy/.m2/repository/org/webjars/jquery/3.5.1/jquery-3.5.1.jar:/Users/sachinroy/.m2/repository/org/apache/poi/poi/4.1.2/poi-4.1.2.jar:/Users/sachinroy/.m2/repository/commons-codec/commons-codec/1.13/commons-codec-1.13.jar:/Users/sachinroy/.m2/repository/org/apache/commons/commons-collections4/4.4/commons-collections4-4.4.jar:/Users/sachinroy/.m2/repository/org/apache/commons/commons-math3/3.6.1/commons-math3-3.6.1.jar:/Users/sachinroy/.m2/repository/com/zaxxer/SparseBitSet/1.2/SparseBitSet-1.2.jar:/Users/sachinroy/.m2/repository/org/apache/poi/poi-ooxml/4.1.2/poi-ooxml-4.1.2.jar:/Users/sachinroy/.m2/repository/org/apache/poi/poi-ooxml-schemas/4.1.2/poi-ooxml-schemas-4.1.2.jar:/Users/sachinroy/.m2/repository/org/apache/xmlbeans/xmlbeans/3.1.0/xmlbeans-3.1.0.jar:/Users/sachinroy/.m2/repository/org/apache/commons/commons-compress/1.19/commons-compress-1.19.jar:/Users/sachinroy/.m2/repository/com/github/virtuald/curvesapi/1.06/curvesapi-1.06.jar:/Users/sachinroy/.m2/repository/io/github/bonigarcia/webdrivermanager/4.0.0/webdrivermanager-4.0.0.jar:/Users/sachinroy/.m2/repository/org/slf4j/slf4j-api/1.7.30/slf4j-api-1.7.30.jar:/Users/sachinroy/.m2/repository/commons-io/commons-io/2.6/commons-io-2.6.jar:/Users/sachinroy/.m2/repository/com/google/code/gson/gson/2.8.6/gson-2.8.6.jar:/Users/sachinroy/.m2/repository/org/apache/commons/commons-lang3/3.10/commons-lang3-3.10.jar:/Users/sachinroy/.m2/repository/org/apache/httpcomponents/client5/httpclient5/5.0/httpclient5-5.0.jar:/Users/sachinroy/.m2/repository/org/apache/httpcomponents/core5/httpcore5/5.0/httpcore5-5.0.jar:/Users/sachinroy/.m2/repository/org/apache/httpcomponents/core5/httpcore5-h2/5.0/httpcore5-h2-5.0.jar:/Users/sachinroy/.m2/repository/org/rauschig/jarchivelib/1.0.0/jarchivelib-1.0.0.jar:/Users/sachinroy/.m2/repository/org/jsoup/jsoup/1.13.1/jsoup-1.13.1.jar:/Users/sachinroy/.m2/repository/log4j/log4j/1.2.17/log4j-1.2.17.jar:/Users/sachinroy/.m2/repository/com/aventstack/extentreports/5.0.9/extentreports-5.0.9.jar:/Users/sachinroy/.m2/repository/io/reactivex/rxjava3/rxjava/3.0.4/rxjava-3.0.4.jar:/Users/sachinroy/.m2/repository/org/reactivestreams/reactive-streams/1.0.3/reactive-streams-1.0.3.jar:/Users/sachinroy/.m2/repository/org/freemarker/freemarker/2.3.30/freemarker-2.3.30.jar:/Users/sachinroy/.m2/repository/org/projectlombok/lombok/1.18.12/lombok-1.18.12.jar:/Users/sachinroy/.m2/repository/io/qameta/allure/allure-testng/2.17.2/allure-testng-2.17.2.jar:/Users/sachinroy/.m2/repository/io/qameta/allure/allure-java-commons/2.17.2/allure-java-commons-2.17.2.jar:/Users/sachinroy/.m2/repository/io/qameta/allure/allure-model/2.17.2/allure-model-2.17.2.jar:/Users/sachinroy/.m2/repository/io/qameta/allure/allure-test-filter/2.17.2/allure-test-filter-2.17.2.jar:/Users/sachinroy/.m2/repository/org/apache/maven/surefire/surefire-testng-utils/2.21.0/surefire-testng-utils-2.21.0.jar:/Users/sachinroy/.m2/repository/org/apache/maven/surefire/surefire-grouper/2.21.0/surefire-grouper-2.21.0.jar:"/>
    <property name="java.vm.vendor" value="Oracle Corporation"/>
    <property name="sun.arch.data.model" value="64"/>
    <property name="java.vendor.url" value="https://openjdk.java.net/"/>
    <property name="user.timezone" value=""/>
    <property name="java.vm.specification.version" value="11"/>
    <property name="os.name" value="Mac OS X"/>
    <property name="sun.java.launcher" value="SUN_STANDARD"/>
    <property name="user.country" value="BF"/>
    <property name="sun.boot.library.path" value="/Library/Java/JavaVirtualMachines/jdk-11.0.11.jdk/Contents/Home/lib"/>
    <property name="sun.java.command" value="/Users/sachinroy/eclipse-workspace/MyStoreProject_AllureReport/target/surefire/surefirebooter1976319106290816682.jar /Users/sachinroy/eclipse-workspace/MyStoreProject_AllureReport/target/surefire 2022-02-24T14-45-28_188-jvmRun1 surefire4837821248084883401tmp surefire_010998057365770927564tmp"/>
    <property name="http.nonProxyHosts" value="local|*.local|169.254/16|*.169.254/16"/>
    <property name="jdk.debug" value="release"/>
    <property name="surefire.test.class.path" value="/Users/sachinroy/eclipse-workspace/MyStoreProject_AllureReport/target/test-classes:/Users/sachinroy/eclipse-workspace/MyStoreProject_AllureReport/target/classes:/Users/sachinroy/.m2/repository/org/seleniumhq/selenium/selenium-java/3.141.59/selenium-java-3.141.59.jar:/Users/sachinroy/.m2/repository/org/seleniumhq/selenium/selenium-api/3.141.59/selenium-api-3.141.59.jar:/Users/sachinroy/.m2/repository/org/seleniumhq/selenium/selenium-chrome-driver/3.141.59/selenium-chrome-driver-3.141.59.jar:/Users/sachinroy/.m2/repository/org/seleniumhq/selenium/selenium-edge-driver/3.141.59/selenium-edge-driver-3.141.59.jar:/Users/sachinroy/.m2/repository/org/seleniumhq/selenium/selenium-firefox-driver/3.141.59/selenium-firefox-driver-3.141.59.jar:/Users/sachinroy/.m2/repository/org/seleniumhq/selenium/selenium-ie-driver/3.141.59/selenium-ie-driver-3.141.59.jar:/Users/sachinroy/.m2/repository/org/seleniumhq/selenium/selenium-opera-driver/3.141.59/selenium-opera-driver-3.141.59.jar:/Users/sachinroy/.m2/repository/org/seleniumhq/selenium/selenium-remote-driver/3.141.59/selenium-remote-driver-3.141.59.jar:/Users/sachinroy/.m2/repository/org/seleniumhq/selenium/selenium-safari-driver/3.141.59/selenium-safari-driver-3.141.59.jar:/Users/sachinroy/.m2/repository/org/seleniumhq/selenium/selenium-support/3.141.59/selenium-support-3.141.59.jar:/Users/sachinroy/.m2/repository/net/bytebuddy/byte-buddy/1.8.15/byte-buddy-1.8.15.jar:/Users/sachinroy/.m2/repository/org/apache/commons/commons-exec/1.3/commons-exec-1.3.jar:/Users/sachinroy/.m2/repository/com/google/guava/guava/25.0-jre/guava-25.0-jre.jar:/Users/sachinroy/.m2/repository/com/google/code/findbugs/jsr305/1.3.9/jsr305-1.3.9.jar:/Users/sachinroy/.m2/repository/org/checkerframework/checker-compat-qual/2.0.0/checker-compat-qual-2.0.0.jar:/Users/sachinroy/.m2/repository/com/google/errorprone/error_prone_annotations/2.1.3/error_prone_annotations-2.1.3.jar:/Users/sachinroy/.m2/repository/com/google/j2objc/j2objc-annotations/1.1/j2objc-annotations-1.1.jar:/Users/sachinroy/.m2/repository/org/codehaus/mojo/animal-sniffer-annotations/1.14/animal-sniffer-annotations-1.14.jar:/Users/sachinroy/.m2/repository/com/squareup/okhttp3/okhttp/3.11.0/okhttp-3.11.0.jar:/Users/sachinroy/.m2/repository/com/squareup/okio/okio/1.14.0/okio-1.14.0.jar:/Users/sachinroy/.m2/repository/org/testng/testng/7.4.0/testng-7.4.0.jar:/Users/sachinroy/.m2/repository/com/beust/jcommander/1.78/jcommander-1.78.jar:/Users/sachinroy/.m2/repository/org/webjars/jquery/3.5.1/jquery-3.5.1.jar:/Users/sachinroy/.m2/repository/org/apache/poi/poi/4.1.2/poi-4.1.2.jar:/Users/sachinroy/.m2/repository/commons-codec/commons-codec/1.13/commons-codec-1.13.jar:/Users/sachinroy/.m2/repository/org/apache/commons/commons-collections4/4.4/commons-collections4-4.4.jar:/Users/sachinroy/.m2/repository/org/apache/commons/commons-math3/3.6.1/commons-math3-3.6.1.jar:/Users/sachinroy/.m2/repository/com/zaxxer/SparseBitSet/1.2/SparseBitSet-1.2.jar:/Users/sachinroy/.m2/repository/org/apache/poi/poi-ooxml/4.1.2/poi-ooxml-4.1.2.jar:/Users/sachinroy/.m2/repository/org/apache/poi/poi-ooxml-schemas/4.1.2/poi-ooxml-schemas-4.1.2.jar:/Users/sachinroy/.m2/repository/org/apache/xmlbeans/xmlbeans/3.1.0/xmlbeans-3.1.0.jar:/Users/sachinroy/.m2/repository/org/apache/commons/commons-compress/1.19/commons-compress-1.19.jar:/Users/sachinroy/.m2/repository/com/github/virtuald/curvesapi/1.06/curvesapi-1.06.jar:/Users/sachinroy/.m2/repository/io/github/bonigarcia/webdrivermanager/4.0.0/webdrivermanager-4.0.0.jar:/Users/sachinroy/.m2/repository/org/slf4j/slf4j-api/1.7.30/slf4j-api-1.7.30.jar:/Users/sachinroy/.m2/repository/commons-io/commons-io/2.6/commons-io-2.6.jar:/Users/sachinroy/.m2/repository/com/google/code/gson/gson/2.8.6/gson-2.8.6.jar:/Users/sachinroy/.m2/repository/org/apache/commons/commons-lang3/3.10/commons-lang3-3.10.jar:/Users/sachinroy/.m2/repository/org/apache/httpcomponents/client5/httpclient5/5.0/httpclient5-5.0.jar:/Users/sachinroy/.m2/repository/org/apache/httpcomponents/core5/httpcore5/5.0/httpcore5-5.0.jar:/Users/sachinroy/.m2/repository/org/apache/httpcomponents/core5/httpcore5-h2/5.0/httpcore5-h2-5.0.jar:/Users/sachinroy/.m2/repository/org/rauschig/jarchivelib/1.0.0/jarchivelib-1.0.0.jar:/Users/sachinroy/.m2/repository/org/jsoup/jsoup/1.13.1/jsoup-1.13.1.jar:/Users/sachinroy/.m2/repository/log4j/log4j/1.2.17/log4j-1.2.17.jar:/Users/sachinroy/.m2/repository/com/aventstack/extentreports/5.0.9/extentreports-5.0.9.jar:/Users/sachinroy/.m2/repository/io/reactivex/rxjava3/rxjava/3.0.4/rxjava-3.0.4.jar:/Users/sachinroy/.m2/repository/org/reactivestreams/reactive-streams/1.0.3/reactive-streams-1.0.3.jar:/Users/sachinroy/.m2/repository/org/freemarker/freemarker/2.3.30/freemarker-2.3.30.jar:/Users/sachinroy/.m2/repository/org/projectlombok/lombok/1.18.12/lombok-1.18.12.jar:/Users/sachinroy/.m2/repository/io/qameta/allure/allure-testng/2.17.2/allure-testng-2.17.2.jar:/Users/sachinroy/.m2/repository/io/qameta/allure/allure-java-commons/2.17.2/allure-java-commons-2.17.2.jar:/Users/sachinroy/.m2/repository/io/qameta/allure/allure-model/2.17.2/allure-model-2.17.2.jar:/Users/sachinroy/.m2/repository/io/qameta/allure/allure-test-filter/2.17.2/allure-test-filter-2.17.2.jar:/Users/sachinroy/.m2/repository/org/apache/maven/surefire/surefire-testng-utils/2.21.0/surefire-testng-utils-2.21.0.jar:/Users/sachinroy/.m2/repository/org/apache/maven/surefire/surefire-grouper/2.21.0/surefire-grouper-2.21.0.jar:"/>
    <property name="sun.cpu.endian" value="little"/>
    <property name="user.home" value="/Users/sachinroy"/>
    <property name="user.language" value="en"/>
    <property name="java.specification.vendor" value="Oracle Corporation"/>
    <property name="java.version.date" value="2021-04-20"/>
    <property name="java.home" value="/Library/Java/JavaVirtualMachines/jdk-11.0.11.jdk/Contents/Home"/>
    <property name="file.separator" value="/"/>
    <property name="basedir" value="/Users/sachinroy/eclipse-workspace/MyStoreProject_AllureReport"/>
    <property name="java.vm.compressedOopsMode" value="Zero based"/>
    <property name="line.separator" value="&#10;"/>
    <property name="java.specification.name" value="Java Platform API Specification"/>
    <property name="java.vm.specification.vendor" value="Oracle Corporation"/>
    <property name="java.awt.graphicsenv" value="sun.awt.CGraphicsEnvironment"/>
    <property name="surefire.real.class.path" value="/Users/sachinroy/eclipse-workspace/MyStoreProject_AllureReport/target/surefire/surefirebooter1976319106290816682.jar"/>
    <property name="sun.management.compiler" value="HotSpot 64-Bit Tiered Compilers"/>
    <property name="ftp.nonProxyHosts" value="local|*.local|169.254/16|*.169.254/16"/>
    <property name="java.runtime.version" value="11.0.11+9-LTS-194"/>
    <property name="user.name" value="sachinroy"/>
    <property name="path.separator" value=":"/>
    <property name="os.version" value="10.16"/>
    <property name="java.runtime.name" value="Java(TM) SE Runtime Environment"/>
    <property name="file.encoding" value="UTF-8"/>
    <property name="java.vm.name" value="Java HotSpot(TM) 64-Bit Server VM"/>
    <property name="java.vendor.version" value="18.9"/>
    <property name="localRepository" value="/Users/sachinroy/.m2/repository"/>
    <property name="java.vendor.url.bug" value="https://bugreport.java.com/bugreport/"/>
    <property name="java.io.tmpdir" value="/var/folders/nk/gr3533x90v53g6x3fknjsjt40000gn/T/"/>
    <property name="java.version" value="11.0.11"/>
    <property name="user.dir" value="/Users/sachinroy/eclipse-workspace/MyStoreProject_AllureReport"/>
    <property name="os.arch" value="x86_64"/>
    <property name="java.vm.specification.name" value="Java Virtual Machine Specification"/>
    <property name="java.awt.printerjob" value="sun.lwawt.macosx.CPrinterJob"/>
    <property name="sun.os.patch.level" value="unknown"/>
    <property name="java.library.path" value="/Users/sachinroy/Library/Java/Extensions:/Library/Java/Extensions:/Network/Library/Java/Extensions:/System/Library/Java/Extensions:/usr/lib/java:."/>
    <property name="java.vendor" value="Oracle Corporation"/>
    <property name="java.vm.info" value="mixed mode"/>
    <property name="java.vm.version" value="11.0.11+9-LTS-194"/>
    <property name="sun.io.unicode.encoding" value="UnicodeBig"/>
    <property name="java.class.version" value="55.0"/>
    <property name="socksNonProxyHosts" value="local|*.local|169.254/16|*.169.254/16"/>
  </properties>
  <testcase name="verifyTitle" classname="com.mystore.testcases.IndexPageTest" time="0.073"/>
  <testcase name="verifyLogo" classname="com.mystore.testcases.IndexPageTest" time="0.09"/>
  <testcase name="clickSignInBtn" classname="com.mystore.testcases.IndexPageTest" time="2.628">
    <failure message="expected [Login - My Stores] but found [Login - My Store]" type="java.lang.AssertionError">java.lang.AssertionError: expected [Login - My Stores] but found [Login - My Store]
	at com.mystore.testcases.IndexPageTest.clickSignInBtn(IndexPageTest.java:65)
</failure>
    <system-out><![CDATA[2022-02-24 14:45:38 INFO  Log:10 - =====================================clickSignInBtn TEST START=========================================
Before: Login - My Store
]]></system-out>
    <system-err><![CDATA[Starting ChromeDriver 98.0.4758.102 (273bf7ac8c909cde36982d27f66f3c70846a3718-refs/branch-heads/4758@{#1151}) on port 10510
Only local connections are allowed.
Please see https://chromedriver.chromium.org/security-considerations for suggestions on keeping ChromeDriver safe.
ChromeDriver was started successfully.
Feb 24, 2022 2:45:36 PM org.openqa.selenium.remote.ProtocolHandshake createSession
INFO: Detected dialect: W3C
]]></system-err>
  </testcase>
</testsuite>